2026-01-14 13:22:59,004 - INFO - --- Phase 1: Coverage 2c772c87003fd941f2c536672921160c21b77964 -> cca1cd9a3447dd067503e4a85ebd1679ee78a48e ---
2026-01-14 13:23:00,484 - INFO - Building Vuln 2c772c87003fd941f2c536672921160c21b77964 (Coverage)...
2026-01-14 13:23:32,688 - INFO - Detected Legacy OpenSSL.
2026-01-14 13:23:37,546 - INFO - Building Fix cca1cd9a3447dd067503e4a85ebd1679ee78a48e (Coverage)...
2026-01-14 13:24:08,939 - INFO - Detected Legacy OpenSSL.
2026-01-14 13:24:13,700 - INFO - --- Phase 2: Energy 2c772c87003fd941f2c536672921160c21b77964 -> cca1cd9a3447dd067503e4a85ebd1679ee78a48e ---
2026-01-14 13:24:13,700 - INFO - --- Phase 1: Coverage cce3e4adb78a8d3eeb6e0e4efe332fcc5d75f615 -> 939b4960276b040fc0ed52232238fcc9e2e9ec21 ---
2026-01-14 13:24:14,096 - INFO - Building Vuln cce3e4adb78a8d3eeb6e0e4efe332fcc5d75f615 (Coverage)...
2026-01-14 13:24:48,028 - INFO - Detected Legacy OpenSSL.
2026-01-14 13:24:53,675 - INFO - Building Fix 939b4960276b040fc0ed52232238fcc9e2e9ec21 (Coverage)...
2026-01-14 13:25:27,233 - INFO - Detected Legacy OpenSSL.
2026-01-14 13:25:32,771 - INFO - --- Phase 2: Energy cce3e4adb78a8d3eeb6e0e4efe332fcc5d75f615 -> 939b4960276b040fc0ed52232238fcc9e2e9ec21 ---
2026-01-14 13:25:32,798 - INFO - Building cce3e4adb78a8d3eeb6e0e4efe332fcc5d75f615 (Standard)...
2026-01-14 13:26:03,547 - INFO - Detected Legacy OpenSSL.
2026-01-14 13:26:05,343 - INFO - Building 939b4960276b040fc0ed52232238fcc9e2e9ec21 (Standard)...
2026-01-14 13:26:35,939 - INFO - Detected Legacy OpenSSL.
2026-01-14 13:26:37,836 - INFO - --- Phase 1: Coverage c9a826d28f8211e86b3b866809e1b30a2de48740 -> f426625b6ae9a7831010750490a5f0ad689c5ba3 ---
2026-01-14 13:26:38,540 - INFO - Building Vuln c9a826d28f8211e86b3b866809e1b30a2de48740 (Coverage)...
2026-01-14 13:27:38,751 - INFO - Detected Modern OpenSSL.
2026-01-14 13:28:05,225 - INFO - Building Fix f426625b6ae9a7831010750490a5f0ad689c5ba3 (Coverage)...
2026-01-14 13:29:05,100 - INFO - Detected Modern OpenSSL.
2026-01-14 13:29:31,128 - INFO - --- Phase 2: Energy c9a826d28f8211e86b3b866809e1b30a2de48740 -> f426625b6ae9a7831010750490a5f0ad689c5ba3 ---
2026-01-14 13:29:31,128 - INFO - --- Phase 1: Coverage 3db2c9f3e5fb9f649ebb4a55918398756310af43 -> 97ab3c4b538840037812c8d9164d09a1f4bf11a1 ---
2026-01-14 13:29:31,829 - INFO - Building Vuln 3db2c9f3e5fb9f649ebb4a55918398756310af43 (Coverage)...
2026-01-14 13:31:17,758 - INFO - Detected Modern OpenSSL.
2026-01-14 13:32:16,435 - INFO - Building Fix 97ab3c4b538840037812c8d9164d09a1f4bf11a1 (Coverage)...
2026-01-14 13:34:01,519 - INFO - Detected Modern OpenSSL.
2026-01-14 13:35:00,163 - INFO - --- Phase 2: Energy 3db2c9f3e5fb9f649ebb4a55918398756310af43 -> 97ab3c4b538840037812c8d9164d09a1f4bf11a1 ---
2026-01-14 13:35:00,164 - INFO - --- Phase 1: Coverage 2d0e5d4a4a5d4332325b5e5cea492fad2be633e1 -> 94d23fcff9b2a7a8368dfe52214d5c2569882c11 ---
2026-01-14 13:35:00,828 - INFO - Building Vuln 2d0e5d4a4a5d4332325b5e5cea492fad2be633e1 (Coverage)...
2026-01-14 13:35:58,336 - INFO - Detected Modern OpenSSL.
2026-01-14 13:36:25,080 - INFO - Building Fix 94d23fcff9b2a7a8368dfe52214d5c2569882c11 (Coverage)...
2026-01-14 13:37:22,148 - INFO - Detected Modern OpenSSL.
2026-01-14 13:37:48,335 - INFO - --- Phase 2: Energy 2d0e5d4a4a5d4332325b5e5cea492fad2be633e1 -> 94d23fcff9b2a7a8368dfe52214d5c2569882c11 ---
2026-01-14 13:37:48,335 - INFO - --- Phase 1: Coverage 2ec4181ba92fc6b828687d2dc47c13dcd35a5d93 -> ca989269a2876bae79393bd54c3e72d49975fc75 ---
2026-01-14 13:37:48,887 - INFO - Building Vuln 2ec4181ba92fc6b828687d2dc47c13dcd35a5d93 (Coverage)...
2026-01-14 13:38:27,004 - INFO - Detected Legacy OpenSSL.
2026-01-14 13:38:31,601 - INFO - Building Fix ca989269a2876bae79393bd54c3e72d49975fc75 (Coverage)...
2026-01-14 13:39:05,610 - INFO - Detected Legacy OpenSSL.
2026-01-14 13:39:10,314 - INFO - --- Phase 2: Energy 2ec4181ba92fc6b828687d2dc47c13dcd35a5d93 -> ca989269a2876bae79393bd54c3e72d49975fc75 ---
2026-01-14 13:39:10,360 - INFO - Building 2ec4181ba92fc6b828687d2dc47c13dcd35a5d93 (Standard)...
2026-01-14 13:39:41,674 - INFO - Detected Legacy OpenSSL.
2026-01-14 13:39:43,550 - INFO - Building ca989269a2876bae79393bd54c3e72d49975fc75 (Standard)...
2026-01-14 13:40:14,173 - INFO - Detected Legacy OpenSSL.
2026-01-14 13:40:15,789 - INFO - --- Phase 1: Coverage fb4f46763fed3c600db21974577061b611b6fa46 -> cc598f321fbac9c04da5766243ed55d55948637d ---
2026-01-14 13:40:16,177 - INFO - Building Vuln fb4f46763fed3c600db21974577061b611b6fa46 (Coverage)...
2026-01-14 13:40:53,470 - INFO - Detected Legacy OpenSSL.
2026-01-14 13:41:01,196 - INFO - Building Fix cc598f321fbac9c04da5766243ed55d55948637d (Coverage)...
2026-01-14 13:41:36,301 - INFO - Detected Legacy OpenSSL.
2026-01-14 13:41:43,963 - INFO - --- Phase 2: Energy fb4f46763fed3c600db21974577061b611b6fa46 -> cc598f321fbac9c04da5766243ed55d55948637d ---
2026-01-14 13:41:44,009 - INFO - Building fb4f46763fed3c600db21974577061b611b6fa46 (Standard)...
2026-01-14 13:42:15,903 - INFO - Detected Legacy OpenSSL.
2026-01-14 13:43:04,676 - INFO - Building cc598f321fbac9c04da5766243ed55d55948637d (Standard)...
2026-01-14 13:43:36,500 - INFO - Detected Legacy OpenSSL.
2026-01-14 13:44:23,028 - INFO - --- Phase 1: Coverage b29ffa392e839d05171206523e84909146f7a77c -> d8541d7e9e63bf5f343af24644046c8d96498c17 ---
2026-01-14 13:44:23,325 - INFO - Building Vuln b29ffa392e839d05171206523e84909146f7a77c (Coverage)...
2026-01-14 13:44:57,329 - INFO - Detected Legacy OpenSSL.
2026-01-14 13:45:04,188 - INFO - Building Fix d8541d7e9e63bf5f343af24644046c8d96498c17 (Coverage)...
2026-01-14 13:45:37,947 - INFO - Detected Legacy OpenSSL.
2026-01-14 13:45:44,857 - INFO - --- Phase 2: Energy b29ffa392e839d05171206523e84909146f7a77c -> d8541d7e9e63bf5f343af24644046c8d96498c17 ---
2026-01-14 13:45:44,904 - INFO - Building b29ffa392e839d05171206523e84909146f7a77c (Standard)...
2026-01-14 13:46:15,756 - INFO - Detected Legacy OpenSSL.
2026-01-14 13:46:59,168 - INFO - Building d8541d7e9e63bf5f343af24644046c8d96498c17 (Standard)...
2026-01-14 13:47:29,860 - INFO - Detected Legacy OpenSSL.
2026-01-14 13:48:13,879 - INFO - --- Phase 1: Coverage d73cc256c8e256c32ed959456101b73ba9842f72 -> c394a488942387246653833359a5c94b5832674e ---
2026-01-14 13:48:14,180 - INFO - Building Vuln d73cc256c8e256c32ed959456101b73ba9842f72 (Coverage)...
2026-01-14 13:48:49,472 - INFO - Detected Legacy OpenSSL.
2026-01-14 13:48:57,095 - INFO - Building Fix c394a488942387246653833359a5c94b5832674e (Coverage)...
2026-01-14 13:49:32,033 - INFO - Detected Legacy OpenSSL.
2026-01-14 13:49:39,582 - INFO - --- Phase 2: Energy d73cc256c8e256c32ed959456101b73ba9842f72 -> c394a488942387246653833359a5c94b5832674e ---
2026-01-14 13:49:39,633 - INFO - Building d73cc256c8e256c32ed959456101b73ba9842f72 (Standard)...
2026-01-14 13:50:11,429 - INFO - Detected Legacy OpenSSL.
2026-01-14 13:50:57,097 - INFO - Building c394a488942387246653833359a5c94b5832674e (Standard)...
2026-01-14 13:51:28,707 - INFO - Detected Legacy OpenSSL.
2026-01-14 13:52:15,161 - INFO - --- Phase 1: Coverage cc598f321fbac9c04da5766243ed55d55948637d -> d73cc256c8e256c32ed959456101b73ba9842f72 ---
2026-01-14 13:52:15,396 - INFO - Building Vuln cc598f321fbac9c04da5766243ed55d55948637d (Coverage)...
2026-01-14 13:52:50,433 - INFO - Detected Legacy OpenSSL.
2026-01-14 13:52:57,935 - INFO - Building Fix d73cc256c8e256c32ed959456101b73ba9842f72 (Coverage)...
2026-01-14 13:53:32,779 - INFO - Detected Legacy OpenSSL.
2026-01-14 13:53:40,368 - INFO - --- Phase 2: Energy cc598f321fbac9c04da5766243ed55d55948637d -> d73cc256c8e256c32ed959456101b73ba9842f72 ---
2026-01-14 13:53:40,368 - INFO - --- Phase 1: Coverage cb6e0ed17a61ae3711d385f517d61be2b4c33a55 -> 9a0db453ba017ebcaccbee933ee6511a9ae4d1c8 ---
2026-01-14 13:53:40,682 - INFO - Building Vuln cb6e0ed17a61ae3711d385f517d61be2b4c33a55 (Coverage)...
2026-01-14 13:54:14,479 - INFO - Detected Legacy OpenSSL.
2026-01-14 13:54:20,007 - INFO - Building Fix 9a0db453ba017ebcaccbee933ee6511a9ae4d1c8 (Coverage)...
2026-01-14 13:54:53,720 - INFO - Detected Legacy OpenSSL.
2026-01-14 13:54:59,294 - INFO - --- Phase 2: Energy cb6e0ed17a61ae3711d385f517d61be2b4c33a55 -> 9a0db453ba017ebcaccbee933ee6511a9ae4d1c8 ---
2026-01-14 13:54:59,340 - INFO - Building cb6e0ed17a61ae3711d385f517d61be2b4c33a55 (Standard)...
2026-01-14 13:55:30,034 - INFO - Detected Legacy OpenSSL.
2026-01-14 13:56:08,392 - INFO - Building 9a0db453ba017ebcaccbee933ee6511a9ae4d1c8 (Standard)...
2026-01-14 13:56:38,916 - INFO - Detected Legacy OpenSSL.
2026-01-14 13:57:17,509 - INFO - --- Phase 1: Coverage 014265eb02e26f35c8db58e2ccbf100b0b2f0072 -> 62e4506a7d4cec1c8e1ff687f6b220f6a62a57c7 ---
2026-01-14 13:57:17,837 - INFO - Building Vuln 014265eb02e26f35c8db58e2ccbf100b0b2f0072 (Coverage)...
2026-01-14 13:57:51,142 - INFO - Detected Legacy OpenSSL.
2026-01-14 13:57:55,643 - INFO - Building Fix 62e4506a7d4cec1c8e1ff687f6b220f6a62a57c7 (Coverage)...
2026-01-14 13:58:28,667 - INFO - Detected Legacy OpenSSL.
2026-01-14 13:58:33,159 - INFO - --- Phase 2: Energy 014265eb02e26f35c8db58e2ccbf100b0b2f0072 -> 62e4506a7d4cec1c8e1ff687f6b220f6a62a57c7 ---
2026-01-14 13:58:33,205 - INFO - Building 014265eb02e26f35c8db58e2ccbf100b0b2f0072 (Standard)...
2026-01-14 13:59:05,311 - INFO - Detected Legacy OpenSSL.
2026-01-14 13:59:40,589 - INFO - Building 62e4506a7d4cec1c8e1ff687f6b220f6a62a57c7 (Standard)...
2026-01-14 14:00:10,633 - INFO - Detected Legacy OpenSSL.
2026-01-14 14:00:44,933 - INFO - --- Phase 1: Coverage dd2dee60f343a28cd93e065c7dae7619885515ff -> 66e8211c0b1347970096e04b18aa52567c325200 ---
2026-01-14 14:00:45,274 - INFO - Building Vuln dd2dee60f343a28cd93e065c7dae7619885515ff (Coverage)...
2026-01-14 14:01:15,291 - INFO - Detected Legacy OpenSSL.
2026-01-14 14:01:19,877 - INFO - Building Fix 66e8211c0b1347970096e04b18aa52567c325200 (Coverage)...
2026-01-14 14:01:49,712 - INFO - Detected Legacy OpenSSL.
2026-01-14 14:01:54,346 - INFO - --- Phase 2: Energy dd2dee60f343a28cd93e065c7dae7619885515ff -> 66e8211c0b1347970096e04b18aa52567c325200 ---
2026-01-14 14:01:54,399 - INFO - Building dd2dee60f343a28cd93e065c7dae7619885515ff (Standard)...
2026-01-14 14:02:20,061 - INFO - Detected Legacy OpenSSL.
2026-01-14 14:02:22,513 - INFO - Building 66e8211c0b1347970096e04b18aa52567c325200 (Standard)...
2026-01-14 14:02:47,935 - INFO - Detected Legacy OpenSSL.
2026-01-14 14:02:50,561 - INFO - --- Phase 1: Coverage 1dfa62d4c871a9007904812e06bdddb2d530ff64 -> ebc71865f0506a293242bd4aec97cdc7a8ef24b0 ---
2026-01-14 14:02:50,894 - INFO - Building Vuln 1dfa62d4c871a9007904812e06bdddb2d530ff64 (Coverage)...
2026-01-14 14:03:24,198 - INFO - Detected Legacy OpenSSL.
2026-01-14 14:03:29,009 - INFO - Building Fix ebc71865f0506a293242bd4aec97cdc7a8ef24b0 (Coverage)...
2026-01-14 14:04:02,124 - INFO - Detected Legacy OpenSSL.
2026-01-14 14:04:06,937 - INFO - --- Phase 2: Energy 1dfa62d4c871a9007904812e06bdddb2d530ff64 -> ebc71865f0506a293242bd4aec97cdc7a8ef24b0 ---
2026-01-14 14:04:06,984 - INFO - Building 1dfa62d4c871a9007904812e06bdddb2d530ff64 (Standard)...
2026-01-14 14:04:35,565 - INFO - Detected Legacy OpenSSL.
2026-01-14 14:05:09,671 - INFO - Building ebc71865f0506a293242bd4aec97cdc7a8ef24b0 (Standard)...
2026-01-14 14:05:38,058 - INFO - Detected Legacy OpenSSL.
2026-01-14 14:06:13,067 - INFO - --- Phase 1: Coverage 8b84495380098592ef7bb2fa9209ccb87803bf1d -> 77c77f0a1b9f15b869ca3342186dfbedd1119d0e ---
2026-01-14 14:06:13,448 - INFO - Building Vuln 8b84495380098592ef7bb2fa9209ccb87803bf1d (Coverage)...
2026-01-14 14:06:48,457 - INFO - Detected Legacy OpenSSL.
2026-01-14 14:06:54,772 - INFO - Building Fix 77c77f0a1b9f15b869ca3342186dfbedd1119d0e (Coverage)...
2026-01-14 14:07:29,434 - INFO - Detected Legacy OpenSSL.
2026-01-14 14:07:35,722 - INFO - --- Phase 2: Energy 8b84495380098592ef7bb2fa9209ccb87803bf1d -> 77c77f0a1b9f15b869ca3342186dfbedd1119d0e ---
2026-01-14 14:07:35,769 - INFO - Building 8b84495380098592ef7bb2fa9209ccb87803bf1d (Standard)...
2026-01-14 14:08:07,361 - INFO - Detected Legacy OpenSSL.
2026-01-14 14:08:09,095 - INFO - Building 77c77f0a1b9f15b869ca3342186dfbedd1119d0e (Standard)...
2026-01-14 14:08:40,459 - INFO - Detected Legacy OpenSSL.
2026-01-14 14:08:42,003 - INFO - --- Phase 1: Coverage 819418110b6fff4a7b96f01a5d68f71df3e3b736 -> b717b083073b6cacc0a5e2397b661678aff7ae7f ---
2026-01-14 14:08:42,253 - INFO - Building Vuln 819418110b6fff4a7b96f01a5d68f71df3e3b736 (Coverage)...
2026-01-14 14:09:17,070 - INFO - Detected Legacy OpenSSL.
2026-01-14 14:09:23,364 - INFO - Building Fix b717b083073b6cacc0a5e2397b661678aff7ae7f (Coverage)...
2026-01-14 14:09:57,974 - INFO - Detected Legacy OpenSSL.
2026-01-14 14:10:04,209 - INFO - --- Phase 2: Energy 819418110b6fff4a7b96f01a5d68f71df3e3b736 -> b717b083073b6cacc0a5e2397b661678aff7ae7f ---
2026-01-14 14:10:04,255 - INFO - Building 819418110b6fff4a7b96f01a5d68f71df3e3b736 (Standard)...
2026-01-14 14:10:35,749 - INFO - Detected Legacy OpenSSL.
2026-01-14 14:11:17,660 - INFO - Building b717b083073b6cacc0a5e2397b661678aff7ae7f (Standard)...
2026-01-14 14:11:49,084 - INFO - Detected Legacy OpenSSL.
2026-01-14 14:12:30,990 - INFO - --- Phase 1: Coverage b19d8143212ae5fbc9cebfd51c01f802fabccd33 -> c3c7fb07dc975dc3c9de0eddb7d8fd79fc9c67c1 ---
2026-01-14 14:12:31,234 - INFO - Building Vuln b19d8143212ae5fbc9cebfd51c01f802fabccd33 (Coverage)...
2026-01-14 14:13:06,004 - INFO - Detected Legacy OpenSSL.
2026-01-14 14:13:12,369 - INFO - Building Fix c3c7fb07dc975dc3c9de0eddb7d8fd79fc9c67c1 (Coverage)...
2026-01-14 14:13:47,048 - INFO - Detected Legacy OpenSSL.
2026-01-14 14:13:53,281 - INFO - --- Phase 2: Energy b19d8143212ae5fbc9cebfd51c01f802fabccd33 -> c3c7fb07dc975dc3c9de0eddb7d8fd79fc9c67c1 ---
2026-01-14 14:13:53,327 - INFO - Building b19d8143212ae5fbc9cebfd51c01f802fabccd33 (Standard)...
2026-01-14 14:14:24,870 - INFO - Detected Legacy OpenSSL.
2026-01-14 14:15:05,821 - INFO - Building c3c7fb07dc975dc3c9de0eddb7d8fd79fc9c67c1 (Standard)...
2026-01-14 14:15:37,301 - INFO - Detected Legacy OpenSSL.
2026-01-14 14:16:19,572 - INFO - --- Phase 1: Coverage 0b142f022e2c5072295e00ebc11c5b707a726d74 -> e1b568dd2462f7cacf98f3d117936c34e2849a6b ---
2026-01-14 14:16:19,906 - INFO - Building Vuln 0b142f022e2c5072295e00ebc11c5b707a726d74 (Coverage)...
2026-01-14 14:16:55,668 - INFO - Detected Legacy OpenSSL.
2026-01-14 14:17:02,734 - INFO - Building Fix e1b568dd2462f7cacf98f3d117936c34e2849a6b (Coverage)...
2026-01-14 14:17:36,265 - INFO - Detected Legacy OpenSSL.
2026-01-14 14:17:43,333 - INFO - --- Phase 2: Energy 0b142f022e2c5072295e00ebc11c5b707a726d74 -> e1b568dd2462f7cacf98f3d117936c34e2849a6b ---
2026-01-14 14:17:43,378 - INFO - Building 0b142f022e2c5072295e00ebc11c5b707a726d74 (Standard)...
2026-01-14 14:18:13,819 - INFO - Detected Legacy OpenSSL.
2026-01-14 14:18:15,444 - INFO - Building e1b568dd2462f7cacf98f3d117936c34e2849a6b (Standard)...
2026-01-14 14:18:45,722 - INFO - Detected Legacy OpenSSL.
2026-01-14 14:18:47,391 - INFO - --- Phase 1: Coverage f15a7e39a1f7d41716ca5f07faef74f55147d2cf -> 6e629b5be45face20b4ca71c4fcbfed78b864a2e ---
2026-01-14 14:18:47,744 - INFO - Building Vuln f15a7e39a1f7d41716ca5f07faef74f55147d2cf (Coverage)...
2026-01-14 14:19:25,742 - INFO - Detected Legacy OpenSSL.
2026-01-14 14:19:33,422 - INFO - Building Fix 6e629b5be45face20b4ca71c4fcbfed78b864a2e (Coverage)...
2026-01-14 14:20:09,069 - INFO - Detected Legacy OpenSSL.
2026-01-14 14:20:16,682 - INFO - --- Phase 2: Energy f15a7e39a1f7d41716ca5f07faef74f55147d2cf -> 6e629b5be45face20b4ca71c4fcbfed78b864a2e ---
2026-01-14 14:20:16,729 - INFO - Building f15a7e39a1f7d41716ca5f07faef74f55147d2cf (Standard)...
2026-01-14 14:20:49,080 - INFO - Detected Legacy OpenSSL.
2026-01-14 14:21:38,861 - INFO - Building 6e629b5be45face20b4ca71c4fcbfed78b864a2e (Standard)...
2026-01-14 14:22:11,046 - INFO - Detected Legacy OpenSSL.
2026-01-14 14:23:01,701 - INFO - --- Phase 1: Coverage 151adf2e5cc23284a059e0f155505006a1c9fad9 -> 2c0d295e26306e15a92eb23a84a1802005c1c137 ---
2026-01-14 14:23:01,989 - INFO - Building Vuln 151adf2e5cc23284a059e0f155505006a1c9fad9 (Coverage)...
2026-01-14 14:23:37,999 - INFO - Detected Legacy OpenSSL.
2026-01-14 14:23:44,773 - INFO - Building Fix 2c0d295e26306e15a92eb23a84a1802005c1c137 (Coverage)...
2026-01-14 14:24:20,714 - INFO - Detected Legacy OpenSSL.
2026-01-14 14:24:27,478 - INFO - --- Phase 2: Energy 151adf2e5cc23284a059e0f155505006a1c9fad9 -> 2c0d295e26306e15a92eb23a84a1802005c1c137 ---
2026-01-14 14:24:27,524 - INFO - Building 151adf2e5cc23284a059e0f155505006a1c9fad9 (Standard)...
2026-01-14 14:24:58,401 - INFO - Detected Legacy OpenSSL.
2026-01-14 14:25:01,465 - INFO - Building 2c0d295e26306e15a92eb23a84a1802005c1c137 (Standard)...
2026-01-14 14:25:32,237 - INFO - Detected Legacy OpenSSL.
2026-01-14 14:25:35,341 - INFO - --- Phase 1: Coverage 652c52a602b4c88cfadb99e85ef175441b7f5d18 -> e97763c92c655dcf4af2860b3abd2bc4c8a267f9 ---
2026-01-14 14:25:35,797 - INFO - Building Vuln 652c52a602b4c88cfadb99e85ef175441b7f5d18 (Coverage)...
2026-01-14 14:25:36,311 - ERROR - FAIL: make
STDERR: make: *** No targets specified and no makefile found.  Stop.
2026-01-14 14:25:36,311 - ERROR - Make failed.
2026-01-14 14:25:36,311 - INFO - --- Phase 1: Coverage d9d09a8d0f2a42d02e9a4b11a9ac395a0e15b8ba -> 7fd4ce6a997be5f5c9e744ac527725c2850de203 ---
2026-01-14 14:25:36,669 - INFO - Building Vuln d9d09a8d0f2a42d02e9a4b11a9ac395a0e15b8ba (Coverage)...
2026-01-14 14:26:10,143 - INFO - Detected Legacy OpenSSL.
2026-01-14 14:26:15,702 - INFO - Building Fix 7fd4ce6a997be5f5c9e744ac527725c2850de203 (Coverage)...
2026-01-14 14:26:49,035 - INFO - Detected Legacy OpenSSL.
2026-01-14 14:26:54,551 - INFO - --- Phase 2: Energy d9d09a8d0f2a42d02e9a4b11a9ac395a0e15b8ba -> 7fd4ce6a997be5f5c9e744ac527725c2850de203 ---
2026-01-14 14:26:54,599 - INFO - Building d9d09a8d0f2a42d02e9a4b11a9ac395a0e15b8ba (Standard)...
2026-01-14 14:27:25,163 - INFO - Detected Legacy OpenSSL.
2026-01-14 14:27:26,837 - INFO - Building 7fd4ce6a997be5f5c9e744ac527725c2850de203 (Standard)...
2026-01-14 14:27:57,118 - INFO - Detected Legacy OpenSSL.
2026-01-14 14:27:59,069 - INFO - --- Phase 1: Coverage 0042fb5fd1c9d257d713b15a1f45da05cf5c1c87 -> fb0bc2b273bcc2d5401dd883fe869af4fc74bb21 ---
2026-01-14 14:27:59,398 - INFO - Building Vuln 0042fb5fd1c9d257d713b15a1f45da05cf5c1c87 (Coverage)...
2026-01-14 14:28:35,315 - INFO - Detected Legacy OpenSSL.
2026-01-14 14:28:42,264 - INFO - Building Fix fb0bc2b273bcc2d5401dd883fe869af4fc74bb21 (Coverage)...
2026-01-14 14:29:18,069 - INFO - Detected Legacy OpenSSL.
2026-01-14 14:29:25,160 - INFO - --- Phase 2: Energy 0042fb5fd1c9d257d713b15a1f45da05cf5c1c87 -> fb0bc2b273bcc2d5401dd883fe869af4fc74bb21 ---
2026-01-14 14:29:25,208 - INFO - Building 0042fb5fd1c9d257d713b15a1f45da05cf5c1c87 (Standard)...
2026-01-14 14:29:57,908 - INFO - Detected Legacy OpenSSL.
2026-01-14 14:29:59,676 - INFO - Building fb0bc2b273bcc2d5401dd883fe869af4fc74bb21 (Standard)...
2026-01-14 14:30:32,113 - INFO - Detected Legacy OpenSSL.
2026-01-14 14:30:33,888 - INFO - --- Phase 1: Coverage 17160033765480453be0a41335fa6b833691c049 -> 0042fb5fd1c9d257d713b15a1f45da05cf5c1c87 ---
2026-01-14 14:30:34,149 - INFO - Building Vuln 17160033765480453be0a41335fa6b833691c049 (Coverage)...
2026-01-14 14:31:09,916 - INFO - Detected Legacy OpenSSL.
2026-01-14 14:31:16,886 - INFO - Building Fix 0042fb5fd1c9d257d713b15a1f45da05cf5c1c87 (Coverage)...
2026-01-14 14:31:52,608 - INFO - Detected Legacy OpenSSL.
2026-01-14 14:31:59,540 - INFO - --- Phase 2: Energy 17160033765480453be0a41335fa6b833691c049 -> 0042fb5fd1c9d257d713b15a1f45da05cf5c1c87 ---
2026-01-14 14:31:59,590 - INFO - Building 17160033765480453be0a41335fa6b833691c049 (Standard)...
2026-01-14 14:32:32,159 - INFO - Detected Legacy OpenSSL.
2026-01-14 14:33:18,925 - INFO - Building 0042fb5fd1c9d257d713b15a1f45da05cf5c1c87 (Standard)...
2026-01-14 14:33:51,241 - INFO - Detected Legacy OpenSSL.
2026-01-14 14:34:38,182 - INFO - --- Phase 1: Coverage 259b664f950c2ba66fbf4b0fe5281327904ead21 -> 578b956fe741bf8e84055547b1e83c28dd902c73 ---
2026-01-14 14:34:38,568 - INFO - Building Vuln 259b664f950c2ba66fbf4b0fe5281327904ead21 (Coverage)...
2026-01-14 14:35:13,634 - INFO - Detected Legacy OpenSSL.
2026-01-14 14:35:21,108 - INFO - Building Fix 578b956fe741bf8e84055547b1e83c28dd902c73 (Coverage)...
2026-01-14 14:35:56,207 - INFO - Detected Legacy OpenSSL.
2026-01-14 14:36:03,815 - INFO - --- Phase 2: Energy 259b664f950c2ba66fbf4b0fe5281327904ead21 -> 578b956fe741bf8e84055547b1e83c28dd902c73 ---
2026-01-14 14:36:03,861 - INFO - Building 259b664f950c2ba66fbf4b0fe5281327904ead21 (Standard)...
2026-01-14 14:36:35,643 - INFO - Detected Legacy OpenSSL.
2026-01-14 14:37:27,973 - INFO - Building 578b956fe741bf8e84055547b1e83c28dd902c73 (Standard)...
2026-01-14 14:37:59,588 - INFO - Detected Legacy OpenSSL.
2026-01-14 14:38:52,765 - INFO - --- Phase 1: Coverage ac9fc67a488427bc3e987f5a4c235e8fbeedf711 -> 1fb9fdc3027b27d8eb6a1e6a846435b070980770 ---
2026-01-14 14:38:53,210 - INFO - Building Vuln ac9fc67a488427bc3e987f5a4c235e8fbeedf711 (Coverage)...
2026-01-14 14:38:53,478 - ERROR - FAIL: make
STDERR: make: *** No targets specified and no makefile found.  Stop.
2026-01-14 14:38:53,478 - ERROR - Make failed.
2026-01-14 14:38:53,478 - INFO - --- Phase 1: Coverage 56ea22458f3f5f1d0148b0a97957de4d56f3d328 -> 2919516136a4227d9e6d8f2fe66ef976aaf8c561 ---
2026-01-14 14:38:53,845 - INFO - Building Vuln 56ea22458f3f5f1d0148b0a97957de4d56f3d328 (Coverage)...
2026-01-14 14:39:32,920 - INFO - Detected Legacy OpenSSL.
2026-01-14 14:39:39,731 - INFO - Building Fix 2919516136a4227d9e6d8f2fe66ef976aaf8c561 (Coverage)...
2026-01-14 14:40:13,920 - INFO - Detected Legacy OpenSSL.
2026-01-14 14:40:20,662 - INFO - --- Phase 2: Energy 56ea22458f3f5f1d0148b0a97957de4d56f3d328 -> 2919516136a4227d9e6d8f2fe66ef976aaf8c561 ---
2026-01-14 14:40:20,692 - INFO - Building 56ea22458f3f5f1d0148b0a97957de4d56f3d328 (Standard)...
2026-01-14 14:40:51,681 - INFO - Detected Legacy OpenSSL.
2026-01-14 14:41:34,783 - INFO - Building 2919516136a4227d9e6d8f2fe66ef976aaf8c561 (Standard)...
2026-01-14 14:42:05,595 - INFO - Detected Legacy OpenSSL.
2026-01-14 14:42:48,645 - INFO - --- Phase 1: Coverage 05aef4bbdbc18e7b9490512cdee41e8a608bcc0e -> 3f3582139fbb259a1c3cbb0a25236500a409bf26 ---
2026-01-14 14:42:49,051 - INFO - Building Vuln 05aef4bbdbc18e7b9490512cdee41e8a608bcc0e (Coverage)...
2026-01-14 14:43:20,388 - INFO - Detected Modern OpenSSL.
2026-01-14 14:43:32,487 - INFO - Building Fix 3f3582139fbb259a1c3cbb0a25236500a409bf26 (Coverage)...
2026-01-14 14:44:03,136 - INFO - Detected Modern OpenSSL.
2026-01-14 14:44:15,404 - INFO - --- Phase 2: Energy 05aef4bbdbc18e7b9490512cdee41e8a608bcc0e -> 3f3582139fbb259a1c3cbb0a25236500a409bf26 ---
2026-01-14 14:44:15,405 - INFO - --- Phase 1: Coverage 2919516136a4227d9e6d8f2fe66ef976aaf8c561 -> 5b814481f3573fa9677f3a31ee51322e2a22ee6a ---
2026-01-14 14:44:15,792 - INFO - Building Vuln 2919516136a4227d9e6d8f2fe66ef976aaf8c561 (Coverage)...
2026-01-14 14:44:49,925 - INFO - Detected Legacy OpenSSL.
2026-01-14 14:44:56,698 - INFO - Building Fix 5b814481f3573fa9677f3a31ee51322e2a22ee6a (Coverage)...
2026-01-14 14:45:30,536 - INFO - Detected Legacy OpenSSL.
2026-01-14 14:45:37,199 - INFO - --- Phase 2: Energy 2919516136a4227d9e6d8f2fe66ef976aaf8c561 -> 5b814481f3573fa9677f3a31ee51322e2a22ee6a ---
2026-01-14 14:45:37,249 - INFO - Building 2919516136a4227d9e6d8f2fe66ef976aaf8c561 (Standard)...
2026-01-14 14:46:08,111 - INFO - Detected Legacy OpenSSL.
2026-01-14 14:46:51,141 - INFO - Building 5b814481f3573fa9677f3a31ee51322e2a22ee6a (Standard)...
2026-01-14 14:47:21,884 - INFO - Detected Legacy OpenSSL.
