2026-01-14 17:58:12,962 - INFO - --- Phase 1: Coverage 66df248b49095c261138b5a5e34d341a6bf9ac7f -> 3c4d7c0ee30a30e5abff3d6d9586a3753101faf5 ---
2026-01-14 17:58:13,154 - INFO - Building Vuln 66df248b49095c261138b5a5e34d341a6bf9ac7f (Coverage)...
2026-01-14 17:58:17,886 - INFO - Using Runner Script: TESTrun.sh
2026-01-14 17:58:17,888 - INFO - Parsing TESTLIST...
2026-01-14 17:58:40,260 - INFO - Building Fix 3c4d7c0ee30a30e5abff3d6d9586a3753101faf5 (Coverage)...
2026-01-14 17:58:44,844 - INFO - Using Runner Script: TESTrun.sh
2026-01-14 17:58:44,845 - INFO - Parsing TESTLIST...
2026-01-14 17:59:07,215 - INFO - --- Phase 2: Energy 66df248b49095c261138b5a5e34d341a6bf9ac7f -> 3c4d7c0ee30a30e5abff3d6d9586a3753101faf5 ---
2026-01-14 17:59:07,255 - INFO - Building 66df248b49095c261138b5a5e34d341a6bf9ac7f (Standard)...
2026-01-14 17:59:13,448 - INFO - Using Runner Script: TESTrun.sh
2026-01-14 17:59:13,449 - INFO - Parsing TESTLIST...
2026-01-14 18:10:11,292 - INFO - Building 3c4d7c0ee30a30e5abff3d6d9586a3753101faf5 (Standard)...
2026-01-14 18:10:17,512 - INFO - Using Runner Script: TESTrun.sh
2026-01-14 18:10:17,514 - INFO - Parsing TESTLIST...
2026-01-14 18:21:17,911 - INFO - --- Phase 1: Coverage 0cb1b8a434b599b8d636db029aadb757c24e39d6 -> 061e7371a944588f231cb1b66d6fb070b646e376 ---
2026-01-14 18:21:17,988 - INFO - Building Vuln 0cb1b8a434b599b8d636db029aadb757c24e39d6 (Coverage)...
2026-01-14 18:21:22,740 - INFO - Using Runner Script: TESTrun.sh
2026-01-14 18:21:22,741 - INFO - Parsing TESTLIST...
2026-01-14 18:22:03,496 - INFO - Building Fix 061e7371a944588f231cb1b66d6fb070b646e376 (Coverage)...
2026-01-14 18:22:08,213 - INFO - Using Runner Script: TESTrun.sh
2026-01-14 18:22:08,215 - INFO - Parsing TESTLIST...
2026-01-14 18:22:48,138 - INFO - --- Phase 2: Energy 0cb1b8a434b599b8d636db029aadb757c24e39d6 -> 061e7371a944588f231cb1b66d6fb070b646e376 ---
2026-01-14 18:22:48,181 - INFO - Building 0cb1b8a434b599b8d636db029aadb757c24e39d6 (Standard)...
2026-01-14 18:22:54,487 - INFO - Using Runner Script: TESTrun.sh
2026-01-14 18:22:54,488 - INFO - Parsing TESTLIST...
