2026-01-13 22:51:21,649 - INFO - --- Phase 1: Coverage 89505d38de989bddd579ce3b841f1c011f1d7bf2 -> 9ffa49496d1aae4cbbb387aac28a9e061a6ab0a6 ---
2026-01-13 22:51:22,875 - INFO - Building Vuln 89505d38de989bddd579ce3b841f1c011f1d7bf2 (Coverage)...
2026-01-13 23:08:49,083 - INFO - Building Fix 9ffa49496d1aae4cbbb387aac28a9e061a6ab0a6 (Coverage)...
2026-01-13 23:26:15,762 - INFO - --- Phase 2: Energy 89505d38de989bddd579ce3b841f1c011f1d7bf2 -> 9ffa49496d1aae4cbbb387aac28a9e061a6ab0a6 ---
2026-01-13 23:26:15,797 - INFO - Building 89505d38de989bddd579ce3b841f1c011f1d7bf2 (Standard)...
2026-01-14 00:20:17,133 - INFO - Building 9ffa49496d1aae4cbbb387aac28a9e061a6ab0a6 (Standard)...
2026-01-14 01:14:14,215 - INFO - --- Phase 1: Coverage 10d821309b02014d7663b63635ff2a3294382558 -> 0a709e2a10b8288a0cc383547924ecfe285cef89 ---
2026-01-14 01:14:14,892 - INFO - Building Vuln 10d821309b02014d7663b63635ff2a3294382558 (Coverage)...
2026-01-14 01:28:28,293 - INFO - Building Fix 0a709e2a10b8288a0cc383547924ecfe285cef89 (Coverage)...
2026-01-14 01:42:35,849 - INFO - --- Phase 2: Energy 10d821309b02014d7663b63635ff2a3294382558 -> 0a709e2a10b8288a0cc383547924ecfe285cef89 ---
2026-01-14 01:42:35,881 - INFO - Building 10d821309b02014d7663b63635ff2a3294382558 (Standard)...
2026-01-14 02:27:27,167 - INFO - Building 0a709e2a10b8288a0cc383547924ecfe285cef89 (Standard)...
2026-01-14 03:12:29,880 - INFO - --- Phase 1: Coverage 6d77a3ff3cd8360874d6f1787c482e09c5239511 -> 31c1c0b46a7021802c3d1d18039fca30dba5a14e ---
2026-01-14 03:12:30,523 - INFO - Building Vuln 6d77a3ff3cd8360874d6f1787c482e09c5239511 (Coverage)...
2026-01-14 03:25:37,607 - INFO - Building Fix 31c1c0b46a7021802c3d1d18039fca30dba5a14e (Coverage)...
2026-01-14 03:38:41,805 - INFO - --- Phase 2: Energy 6d77a3ff3cd8360874d6f1787c482e09c5239511 -> 31c1c0b46a7021802c3d1d18039fca30dba5a14e ---
2026-01-14 03:38:41,836 - INFO - Building 6d77a3ff3cd8360874d6f1787c482e09c5239511 (Standard)...
2026-01-14 04:19:19,361 - INFO - Building 31c1c0b46a7021802c3d1d18039fca30dba5a14e (Standard)...
2026-01-14 05:00:06,491 - INFO - --- Phase 1: Coverage b52b398c30a729dda38c0dd5a0cdeef160c4ca54 -> 611b35627488a8d0763e75c25ee0875c5b7987dd ---
2026-01-14 05:00:07,161 - INFO - Building Vuln b52b398c30a729dda38c0dd5a0cdeef160c4ca54 (Coverage)...
2026-01-14 05:14:26,422 - INFO - Building Fix 611b35627488a8d0763e75c25ee0875c5b7987dd (Coverage)...
2026-01-14 05:28:41,819 - INFO - --- Phase 2: Energy b52b398c30a729dda38c0dd5a0cdeef160c4ca54 -> 611b35627488a8d0763e75c25ee0875c5b7987dd ---
2026-01-14 05:28:41,860 - INFO - Building b52b398c30a729dda38c0dd5a0cdeef160c4ca54 (Standard)...
2026-01-14 06:13:37,603 - INFO - Building 611b35627488a8d0763e75c25ee0875c5b7987dd (Standard)...
2026-01-14 06:58:42,336 - INFO - --- Phase 1: Coverage c8b1f2bcc4767b3ab59c40c32620b2e467a6ae8d -> 7150f9575671f898382c370acae35f9087a30ba1 ---
2026-01-14 06:58:43,140 - INFO - Building Vuln c8b1f2bcc4767b3ab59c40c32620b2e467a6ae8d (Coverage)...
2026-01-14 07:15:33,345 - INFO - Building Fix 7150f9575671f898382c370acae35f9087a30ba1 (Coverage)...
2026-01-14 07:32:19,067 - INFO - --- Phase 2: Energy c8b1f2bcc4767b3ab59c40c32620b2e467a6ae8d -> 7150f9575671f898382c370acae35f9087a30ba1 ---
2026-01-14 07:32:19,105 - INFO - Building c8b1f2bcc4767b3ab59c40c32620b2e467a6ae8d (Standard)...
2026-01-14 08:25:56,531 - INFO - Building 7150f9575671f898382c370acae35f9087a30ba1 (Standard)...
